[2026-06-20T18:15:13Z ERROR flyt_node_manager::resource_manager_handler] Connection closed
[2026-06-20T18:15:13Z ERROR flyt_node_manager::resource_manager_handler] Error connecting to server: Connection refused (os error 111)
[2026-06-20T18:15:13Z ERROR flyt_node_manager] Error connecting to resource manager: Connection refused (os error 111)
[2026-06-20T18:15:13Z ERROR flyt_node_manager] Retrying in 5 seconds
[2026-06-20T18:15:18Z ERROR flyt_node_manager::resource_manager_handler] Error connecting to server: Connection refused (os error 111)
[2026-06-20T18:15:18Z ERROR flyt_node_manager] Error connecting to resource manager: Connection refused (os error 111)
[2026-06-20T18:15:18Z ERROR flyt_node_manager] Retrying in 5 seconds
[2026-06-20T18:15:23Z ERROR flyt_node_manager::resource_manager_handler] Error connecting to server: Connection refused (os error 111)
[2026-06-20T18:15:23Z ERROR flyt_node_manager] Error connecting to resource manager: Connection refused (os error 111)
[2026-06-20T18:15:23Z ERROR flyt_node_manager] Retrying in 5 seconds
[2026-06-20T18:15:28Z ERROR flyt_node_manager::resource_manager_handler] Error connecting to server: Connection refused (os error 111)
[2026-06-20T18:15:28Z ERROR flyt_node_manager] Error connecting to resource manager: Connection refused (os error 111)
[2026-06-20T18:15:28Z ERROR flyt_node_manager] Retrying in 5 seconds
[2026-06-20T18:15:33Z ERROR flyt_node_manager::resource_manager_handler] Error connecting to server: Connection refused (os error 111)
[2026-06-20T18:15:33Z ERROR flyt_node_manager] Error connecting to resource manager: Connection refused (os error 111)
[2026-06-20T18:15:33Z ERROR flyt_node_manager] Retrying in 5 seconds
[2026-06-20T18:15:38Z ERROR flyt_node_manager::resource_manager_handler] Error connecting to server: Connection refused (os error 111)
[2026-06-20T18:15:38Z ERROR flyt_node_manager] Error connecting to resource manager: Connection refused (os error 111)
[2026-06-20T18:15:38Z ERROR flyt_node_manager] Retrying in 5 seconds
[2026-06-20T18:15:43Z ERROR flyt_node_manager::resource_manager_handler] Error connecting to server: Connection refused (os error 111)
[2026-06-20T18:15:43Z ERROR flyt_node_manager] Error connecting to resource manager: Connection refused (os error 111)
[2026-06-20T18:15:43Z ERROR flyt_node_manager] Retrying in 5 seconds
[2026-06-20T18:15:48Z ERROR flyt_node_manager::resource_manager_handler] Error connecting to server: Connection refused (os error 111)
[2026-06-20T18:15:48Z ERROR flyt_node_manager] Error connecting to resource manager: Connection refused (os error 111)
[2026-06-20T18:15:48Z ERROR flyt_node_manager] Retrying in 5 seconds
[2026-06-20T18:15:53Z ERROR flyt_node_manager::resource_manager_handler] Error connecting to server: Connection refused (os error 111)
[2026-06-20T18:15:53Z ERROR flyt_node_manager] Error connecting to resource manager: Connection refused (os error 111)
[2026-06-20T18:15:53Z ERROR flyt_node_manager] Retrying in 5 seconds
[2026-06-20T18:15:58Z ERROR flyt_node_manager::resource_manager_handler] Error connecting to server: Connection refused (os error 111)
[2026-06-20T18:15:58Z ERROR flyt_node_manager] Error connecting to resource manager: Connection refused (os error 111)
[2026-06-20T18:15:58Z ERROR flyt_node_manager] Retrying in 5 seconds
[2026-06-20T18:16:03Z ERROR flyt_node_manager::resource_manager_handler] Error connecting to server: Connection refused (os error 111)
[2026-06-20T18:16:03Z ERROR flyt_node_manager] Error connecting to resource manager: Connection refused (os error 111)
[2026-06-20T18:16:03Z ERROR flyt_node_manager] Retrying in 5 seconds
[2026-06-20T18:16:08Z ERROR flyt_node_manager::resource_manager_handler] Error connecting to server: Connection refused (os error 111)
[2026-06-20T18:16:08Z ERROR flyt_node_manager] Error connecting to resource manager: Connection refused (os error 111)
[2026-06-20T18:16:08Z ERROR flyt_node_manager] Retrying in 5 seconds
[2026-06-20T18:16:13Z ERROR flyt_node_manager::resource_manager_handler] Error connecting to server: Connection refused (os error 111)
[2026-06-20T18:16:13Z ERROR flyt_node_manager] Error connecting to resource manager: Connection refused (os error 111)
[2026-06-20T18:16:13Z ERROR flyt_node_manager] Retrying in 5 seconds
[2026-06-20T18:16:18Z ERROR flyt_node_manager::resource_manager_handler] Error connecting to server: Connection refused (os error 111)
[2026-06-20T18:16:18Z ERROR flyt_node_manager] Error connecting to resource manager: Connection refused (os error 111)
[2026-06-20T18:16:18Z ERROR flyt_node_manager] Retrying in 5 seconds
[2026-06-20T18:16:23Z ERROR flyt_node_manager::resource_manager_handler] Error connecting to server: Connection refused (os error 111)
[2026-06-20T18:16:23Z ERROR flyt_node_manager] Error connecting to resource manager: Connection refused (os error 111)
[2026-06-20T18:16:23Z ERROR flyt_node_manager] Retrying in 5 seconds
[2026-06-20T18:16:28Z ERROR flyt_node_manager::resource_manager_handler] Error connecting to server: Connection refused (os error 111)
[2026-06-20T18:16:28Z ERROR flyt_node_manager] Error connecting to resource manager: Connection refused (os error 111)
[2026-06-20T18:16:28Z ERROR flyt_node_manager] Retrying in 5 seconds
[2026-06-20T18:16:33Z ERROR flyt_node_manager::resource_manager_handler] Error connecting to server: Connection refused (os error 111)
[2026-06-20T18:16:33Z ERROR flyt_node_manager] Error connecting to resource manager: Connection refused (os error 111)
[2026-06-20T18:16:33Z ERROR flyt_node_manager] Retrying in 5 seconds
[2026-06-20T18:16:38Z ERROR flyt_node_manager::resource_manager_handler] Error connecting to server: Connection refused (os error 111)
[2026-06-20T18:16:38Z ERROR flyt_node_manager] Error connecting to resource manager: Connection refused (os error 111)
[2026-06-20T18:16:38Z ERROR flyt_node_manager] Retrying in 5 seconds
[2026-06-20T18:16:43Z ERROR flyt_node_manager::resource_manager_handler] Error connecting to server: Connection refused (os error 111)
[2026-06-20T18:16:43Z ERROR flyt_node_manager] Error connecting to resource manager: Connection refused (os error 111)
[2026-06-20T18:16:43Z ERROR flyt_node_manager] Retrying in 5 seconds
[2026-06-20T18:16:48Z ERROR flyt_node_manager::resource_manager_handler] Error connecting to server: Connection refused (os error 111)
[2026-06-20T18:16:48Z ERROR flyt_node_manager] Error connecting to resource manager: Connection refused (os error 111)
[2026-06-20T18:16:48Z ERROR flyt_node_manager] Retrying in 5 seconds
[2026-06-20T18:16:53Z ERROR flyt_node_manager::resource_manager_handler] Error connecting to server: Connection refused (os error 111)
[2026-06-20T18:16:53Z ERROR flyt_node_manager] Error connecting to resource manager: Connection refused (os error 111)
[2026-06-20T18:16:53Z ERROR flyt_node_manager] Retrying in 5 seconds
[2026-06-20T18:16:58Z ERROR flyt_node_manager::resource_manager_handler] Error connecting to server: Connection refused (os error 111)
[2026-06-20T18:16:58Z ERROR flyt_node_manager] Error connecting to resource manager: Connection refused (os error 111)
[2026-06-20T18:16:58Z ERROR flyt_node_manager] Retrying in 5 seconds
[2026-06-20T18:17:03Z ERROR flyt_node_manager::resource_manager_handler] Error connecting to server: Connection refused (os error 111)
[2026-06-20T18:17:03Z ERROR flyt_node_manager] Error connecting to resource manager: Connection refused (os error 111)
[2026-06-20T18:17:03Z ERROR flyt_node_manager] Retrying in 5 seconds
[2026-06-20T18:17:08Z ERROR flyt_node_manager::resource_manager_handler] Error connecting to server: Connection refused (os error 111)
[2026-06-20T18:17:08Z ERROR flyt_node_manager] Error connecting to resource manager: Connection refused (os error 111)
[2026-06-20T18:17:08Z ERROR flyt_node_manager] Retrying in 5 seconds
[2026-06-20T18:17:13Z ERROR flyt_node_manager::resource_manager_handler] Error connecting to server: Connection refused (os error 111)
[2026-06-20T18:17:13Z ERROR flyt_node_manager] Error connecting to resource manager: Connection refused (os error 111)
[2026-06-20T18:17:13Z ERROR flyt_node_manager] Retrying in 5 seconds
[2026-06-20T18:17:18Z ERROR flyt_node_manager::resource_manager_handler] Error connecting to server: Connection refused (os error 111)
[2026-06-20T18:17:18Z ERROR flyt_node_manager] Error connecting to resource manager: Connection refused (os error 111)
[2026-06-20T18:17:18Z ERROR flyt_node_manager] Retrying in 5 seconds
[2026-06-20T18:17:23Z ERROR flyt_node_manager::resource_manager_handler] Error connecting to server: Connection refused (os error 111)
[2026-06-20T18:17:23Z ERROR flyt_node_manager] Error connecting to resource manager: Connection refused (os error 111)
[2026-06-20T18:17:23Z ERROR flyt_node_manager] Retrying in 5 seconds
[2026-06-20T18:17:28Z ERROR flyt_node_manager::resource_manager_handler] Error connecting to server: Connection refused (os error 111)
[2026-06-20T18:17:28Z ERROR flyt_node_manager] Error connecting to resource manager: Connection refused (os error 111)
[2026-06-20T18:17:28Z ERROR flyt_node_manager] Retrying in 5 seconds
[2026-06-20T18:17:33Z ERROR flyt_node_manager::resource_manager_handler] Error connecting to server: Connection refused (os error 111)
[2026-06-20T18:17:33Z ERROR flyt_node_manager] Error connecting to resource manager: Connection refused (os error 111)
[2026-06-20T18:17:33Z ERROR flyt_node_manager] Retrying in 5 seconds
[2026-06-20T18:17:38Z ERROR flyt_node_manager::resource_manager_handler] Error connecting to server: Connection refused (os error 111)
[2026-06-20T18:17:38Z ERROR flyt_node_manager] Error connecting to resource manager: Connection refused (os error 111)
[2026-06-20T18:17:38Z ERROR flyt_node_manager] Retrying in 5 seconds
[2026-06-20T18:17:43Z ERROR flyt_node_manager::resource_manager_handler] Error connecting to server: Connection refused (os error 111)
[2026-06-20T18:17:43Z ERROR flyt_node_manager] Error connecting to resource manager: Connection refused (os error 111)
[2026-06-20T18:17:43Z ERROR flyt_node_manager] Retrying in 5 seconds
[2026-06-20T18:17:48Z ERROR flyt_node_manager::resource_manager_handler] Error connecting to server: Connection refused (os error 111)
[2026-06-20T18:17:48Z ERROR flyt_node_manager] Error connecting to resource manager: Connection refused (os error 111)
[2026-06-20T18:17:48Z ERROR flyt_node_manager] Retrying in 5 seconds
[2026-06-20T18:17:53Z ERROR flyt_node_manager::resource_manager_handler] Error connecting to server: Connection refused (os error 111)
[2026-06-20T18:17:53Z ERROR flyt_node_manager] Error connecting to resource manager: Connection refused (os error 111)
[2026-06-20T18:17:53Z ERROR flyt_node_manager] Retrying in 5 seconds
[2026-06-20T18:17:58Z ERROR flyt_node_manager::resource_manager_handler] Error connecting to server: Connection refused (os error 111)
[2026-06-20T18:17:58Z ERROR flyt_node_manager] Error connecting to resource manager: Connection refused (os error 111)
[2026-06-20T18:17:58Z ERROR flyt_node_manager] Retrying in 5 seconds
[2026-06-20T18:18:03Z ERROR flyt_node_manager::resource_manager_handler] Error connecting to server: Connection refused (os error 111)
[2026-06-20T18:18:03Z ERROR flyt_node_manager] Error connecting to resource manager: Connection refused (os error 111)
[2026-06-20T18:18:03Z ERROR flyt_node_manager] Retrying in 5 seconds
[2026-06-20T18:18:08Z ERROR flyt_node_manager::resource_manager_handler] Error connecting to server: Connection refused (os error 111)
[2026-06-20T18:18:08Z ERROR flyt_node_manager] Error connecting to resource manager: Connection refused (os error 111)
[2026-06-20T18:18:08Z ERROR flyt_node_manager] Retrying in 5 seconds
[2026-06-20T18:18:13Z ERROR flyt_node_manager::resource_manager_handler] Error connecting to server: Connection refused (os error 111)
[2026-06-20T18:18:13Z ERROR flyt_node_manager] Error connecting to resource manager: Connection refused (os error 111)
[2026-06-20T18:18:13Z ERROR flyt_node_manager] Retrying in 5 seconds
[2026-06-20T18:18:18Z ERROR flyt_node_manager::resource_manager_handler] Error connecting to server: Connection refused (os error 111)
[2026-06-20T18:18:18Z ERROR flyt_node_manager] Error connecting to resource manager: Connection refused (os error 111)
[2026-06-20T18:18:18Z ERROR flyt_node_manager] Retrying in 5 seconds
[2026-06-20T18:18:23Z ERROR flyt_node_manager::resource_manager_handler] Error connecting to server: Connection refused (os error 111)
[2026-06-20T18:18:23Z ERROR flyt_node_manager] Error connecting to resource manager: Connection refused (os error 111)
[2026-06-20T18:18:23Z ERROR flyt_node_manager] Retrying in 5 seconds
[2026-06-20T18:18:28Z ERROR flyt_node_manager::resource_manager_handler] Error connecting to server: Connection refused (os error 111)
[2026-06-20T18:18:28Z ERROR flyt_node_manager] Error connecting to resource manager: Connection refused (os error 111)
[2026-06-20T18:18:28Z ERROR flyt_node_manager] Retrying in 5 seconds
[2026-06-20T18:18:33Z ERROR flyt_node_manager::resource_manager_handler] Error connecting to server: Connection refused (os error 111)
[2026-06-20T18:18:33Z ERROR flyt_node_manager] Error connecting to resource manager: Connection refused (os error 111)
[2026-06-20T18:18:33Z ERROR flyt_node_manager] Retrying in 5 seconds
[2026-06-20T18:18:38Z ERROR flyt_node_manager::resource_manager_handler] Error connecting to server: Connection refused (os error 111)
[2026-06-20T18:18:38Z ERROR flyt_node_manager] Error connecting to resource manager: Connection refused (os error 111)
[2026-06-20T18:18:38Z ERROR flyt_node_manager] Retrying in 5 seconds
[2026-06-20T18:18:43Z ERROR flyt_node_manager::resource_manager_handler] Error connecting to server: Connection refused (os error 111)
[2026-06-20T18:18:43Z ERROR flyt_node_manager] Error connecting to resource manager: Connection refused (os error 111)
[2026-06-20T18:18:43Z ERROR flyt_node_manager] Retrying in 5 seconds
[2026-06-20T18:18:48Z ERROR flyt_node_manager::resource_manager_handler] Error connecting to server: Connection refused (os error 111)
[2026-06-20T18:18:48Z ERROR flyt_node_manager] Error connecting to resource manager: Connection refused (os error 111)
[2026-06-20T18:18:48Z ERROR flyt_node_manager] Retrying in 5 seconds
[2026-06-20T18:18:53Z ERROR flyt_node_manager::resource_manager_handler] Error connecting to server: Connection refused (os error 111)
[2026-06-20T18:18:53Z ERROR flyt_node_manager] Error connecting to resource manager: Connection refused (os error 111)
[2026-06-20T18:18:53Z ERROR flyt_node_manager] Retrying in 5 seconds
[2026-06-20T18:18:58Z ERROR flyt_node_manager::resource_manager_handler] Error connecting to server: Connection refused (os error 111)
[2026-06-20T18:18:58Z ERROR flyt_node_manager] Error connecting to resource manager: Connection refused (os error 111)
[2026-06-20T18:18:58Z ERROR flyt_node_manager] Retrying in 5 seconds
[2026-06-20T18:19:03Z ERROR flyt_node_manager::resource_manager_handler] Error connecting to server: Connection refused (os error 111)
[2026-06-20T18:19:03Z ERROR flyt_node_manager] Error connecting to resource manager: Connection refused (os error 111)
[2026-06-20T18:19:03Z ERROR flyt_node_manager] Retrying in 5 seconds
[2026-06-20T18:19:08Z ERROR flyt_node_manager::resource_manager_handler] Error connecting to server: Connection refused (os error 111)
[2026-06-20T18:19:08Z ERROR flyt_node_manager] Error connecting to resource manager: Connection refused (os error 111)
[2026-06-20T18:19:08Z ERROR flyt_node_manager] Retrying in 5 seconds
[2026-06-20T18:19:13Z ERROR flyt_node_manager::resource_manager_handler] Error connecting to server: Connection refused (os error 111)
[2026-06-20T18:19:13Z ERROR flyt_node_manager] Error connecting to resource manager: Connection refused (os error 111)
[2026-06-20T18:19:13Z ERROR flyt_node_manager] Retrying in 5 seconds
[2026-06-20T18:19:18Z ERROR flyt_node_manager::resource_manager_handler] Error connecting to server: Connection refused (os error 111)
[2026-06-20T18:19:18Z ERROR flyt_node_manager] Error connecting to resource manager: Connection refused (os error 111)
[2026-06-20T18:19:18Z ERROR flyt_node_manager] Retrying in 5 seconds
[2026-06-20T18:19:23Z ERROR flyt_node_manager::resource_manager_handler] Error connecting to server: Connection refused (os error 111)
[2026-06-20T18:19:23Z ERROR flyt_node_manager] Error connecting to resource manager: Connection refused (os error 111)
[2026-06-20T18:19:23Z ERROR flyt_node_manager] Retrying in 5 seconds
[2026-06-20T18:19:28Z ERROR flyt_node_manager::resource_manager_handler] Error connecting to server: Connection refused (os error 111)
[2026-06-20T18:19:28Z ERROR flyt_node_manager] Error connecting to resource manager: Connection refused (os error 111)
[2026-06-20T18:19:28Z ERROR flyt_node_manager] Retrying in 5 seconds
[2026-06-20T18:19:33Z ERROR flyt_node_manager::resource_manager_handler] Error connecting to server: Connection refused (os error 111)
[2026-06-20T18:19:33Z ERROR flyt_node_manager] Error connecting to resource manager: Connection refused (os error 111)
[2026-06-20T18:19:33Z ERROR flyt_node_manager] Retrying in 5 seconds
[2026-06-20T18:19:38Z ERROR flyt_node_manager::resource_manager_handler] Error connecting to server: Connection refused (os error 111)
[2026-06-20T18:19:38Z ERROR flyt_node_manager] Error connecting to resource manager: Connection refused (os error 111)
[2026-06-20T18:19:38Z ERROR flyt_node_manager] Retrying in 5 seconds
[2026-06-20T18:19:43Z ERROR flyt_node_manager::resource_manager_handler] Error connecting to server: Connection refused (os error 111)
[2026-06-20T18:19:43Z ERROR flyt_node_manager] Error connecting to resource manager: Connection refused (os error 111)
[2026-06-20T18:19:43Z ERROR flyt_node_manager] Retrying in 5 seconds
[2026-06-20T18:19:48Z ERROR flyt_node_manager::resource_manager_handler] Error connecting to server: Connection refused (os error 111)
[2026-06-20T18:19:48Z ERROR flyt_node_manager] Error connecting to resource manager: Connection refused (os error 111)
[2026-06-20T18:19:48Z ERROR flyt_node_manager] Retrying in 5 seconds
[2026-06-20T18:19:53Z ERROR flyt_node_manager::resource_manager_handler] Error connecting to server: Connection refused (os error 111)
[2026-06-20T18:19:53Z ERROR flyt_node_manager] Error connecting to resource manager: Connection refused (os error 111)
[2026-06-20T18:19:53Z ERROR flyt_node_manager] Retrying in 5 seconds
[2026-06-20T18:19:58Z ERROR flyt_node_manager::resource_manager_handler] Error connecting to server: Connection refused (os error 111)
[2026-06-20T18:19:58Z ERROR flyt_node_manager] Error connecting to resource manager: Connection refused (os error 111)
[2026-06-20T18:19:58Z ERROR flyt_node_manager] Retrying in 5 seconds
[2026-06-20T18:20:03Z ERROR flyt_node_manager::resource_manager_handler] Error connecting to server: Connection refused (os error 111)
[2026-06-20T18:20:03Z ERROR flyt_node_manager] Error connecting to resource manager: Connection refused (os error 111)
[2026-06-20T18:20:03Z ERROR flyt_node_manager] Retrying in 5 seconds
[2026-06-20T18:20:08Z ERROR flyt_node_manager::resource_manager_handler] Error connecting to server: Connection refused (os error 111)
[2026-06-20T18:20:08Z ERROR flyt_node_manager] Error connecting to resource manager: Connection refused (os error 111)
[2026-06-20T18:20:08Z ERROR flyt_node_manager] Retrying in 5 seconds
[2026-06-20T18:20:13Z ERROR flyt_node_manager::resource_manager_handler] Error connecting to server: Connection refused (os error 111)
[2026-06-20T18:20:13Z ERROR flyt_node_manager] Error connecting to resource manager: Connection refused (os error 111)
[2026-06-20T18:20:13Z ERROR flyt_node_manager] Retrying in 5 seconds
[2026-06-20T18:20:18Z ERROR flyt_node_manager::resource_manager_handler] Error connecting to server: Connection refused (os error 111)
[2026-06-20T18:20:18Z ERROR flyt_node_manager] Error connecting to resource manager: Connection refused (os error 111)
[2026-06-20T18:20:18Z ERROR flyt_node_manager] Retrying in 5 seconds
[2026-06-20T18:20:23Z ERROR flyt_node_manager::resource_manager_handler] Error connecting to server: Connection refused (os error 111)
[2026-06-20T18:20:23Z ERROR flyt_node_manager] Error connecting to resource manager: Connection refused (os error 111)
[2026-06-20T18:20:23Z ERROR flyt_node_manager] Retrying in 5 seconds
[2026-06-20T18:20:28Z ERROR flyt_node_manager::resource_manager_handler] Error connecting to server: Connection refused (os error 111)
[2026-06-20T18:20:28Z ERROR flyt_node_manager] Error connecting to resource manager: Connection refused (os error 111)
[2026-06-20T18:20:28Z ERROR flyt_node_manager] Retrying in 5 seconds
[2026-06-20T18:20:33Z ERROR flyt_node_manager::resource_manager_handler] Error connecting to server: Connection refused (os error 111)
[2026-06-20T18:20:33Z ERROR flyt_node_manager] Error connecting to resource manager: Connection refused (os error 111)
[2026-06-20T18:20:33Z ERROR flyt_node_manager] Retrying in 5 seconds
[2026-06-20T18:20:38Z ERROR flyt_node_manager::resource_manager_handler] Error connecting to server: Connection refused (os error 111)
[2026-06-20T18:20:38Z ERROR flyt_node_manager] Error connecting to resource manager: Connection refused (os error 111)
[2026-06-20T18:20:38Z ERROR flyt_node_manager] Retrying in 5 seconds
[2026-06-20T18:20:43Z ERROR flyt_node_manager::resource_manager_handler] Error connecting to server: Connection refused (os error 111)
[2026-06-20T18:20:43Z ERROR flyt_node_manager] Error connecting to resource manager: Connection refused (os error 111)
[2026-06-20T18:20:43Z ERROR flyt_node_manager] Retrying in 5 seconds
[2026-06-20T18:20:48Z ERROR flyt_node_manager::resource_manager_handler] Error connecting to server: Connection refused (os error 111)
[2026-06-20T18:20:48Z ERROR flyt_node_manager] Error connecting to resource manager: Connection refused (os error 111)
[2026-06-20T18:20:48Z ERROR flyt_node_manager] Retrying in 5 seconds
[2026-06-20T18:20:53Z ERROR flyt_node_manager::resource_manager_handler] Error connecting to server: Connection refused (os error 111)
[2026-06-20T18:20:53Z ERROR flyt_node_manager] Error connecting to resource manager: Connection refused (os error 111)
[2026-06-20T18:20:53Z ERROR flyt_node_manager] Retrying in 5 seconds
[2026-06-20T18:20:58Z ERROR flyt_node_manager::resource_manager_handler] Error connecting to server: Connection refused (os error 111)
[2026-06-20T18:20:58Z ERROR flyt_node_manager] Error connecting to resource manager: Connection refused (os error 111)
[2026-06-20T18:20:58Z ERROR flyt_node_manager] Retrying in 5 seconds
[2026-06-20T18:21:03Z ERROR flyt_node_manager::resource_manager_handler] Error connecting to server: Connection refused (os error 111)
[2026-06-20T18:21:03Z ERROR flyt_node_manager] Error connecting to resource manager: Connection refused (os error 111)
[2026-06-20T18:21:03Z ERROR flyt_node_manager] Retrying in 5 seconds
[2026-06-20T18:21:08Z ERROR flyt_node_manager::resource_manager_handler] Error connecting to server: Connection refused (os error 111)
[2026-06-20T18:21:08Z ERROR flyt_node_manager] Error connecting to resource manager: Connection refused (os error 111)
[2026-06-20T18:21:08Z ERROR flyt_node_manager] Retrying in 5 seconds
[2026-06-20T18:21:13Z ERROR flyt_node_manager::resource_manager_handler] Error connecting to server: Connection refused (os error 111)
[2026-06-20T18:21:13Z ERROR flyt_node_manager] Error connecting to resource manager: Connection refused (os error 111)
[2026-06-20T18:21:13Z ERROR flyt_node_manager] Retrying in 5 seconds
[2026-06-20T18:21:18Z ERROR flyt_node_manager::resource_manager_handler] Error connecting to server: Connection refused (os error 111)
[2026-06-20T18:21:18Z ERROR flyt_node_manager] Error connecting to resource manager: Connection refused (os error 111)
[2026-06-20T18:21:18Z ERROR flyt_node_manager] Retrying in 5 seconds
[2026-06-20T18:21:23Z ERROR flyt_node_manager::resource_manager_handler] Error connecting to server: Connection refused (os error 111)
[2026-06-20T18:21:23Z ERROR flyt_node_manager] Error connecting to resource manager: Connection refused (os error 111)
[2026-06-20T18:21:23Z ERROR flyt_node_manager] Retrying in 5 seconds
[2026-06-20T18:21:28Z ERROR flyt_node_manager::resource_manager_handler] Error connecting to server: Connection refused (os error 111)
[2026-06-20T18:21:28Z ERROR flyt_node_manager] Error connecting to resource manager: Connection refused (os error 111)
[2026-06-20T18:21:28Z ERROR flyt_node_manager] Retrying in 5 seconds
[2026-06-20T18:21:33Z ERROR flyt_node_manager::resource_manager_handler] Error connecting to server: Connection refused (os error 111)
[2026-06-20T18:21:33Z ERROR flyt_node_manager] Error connecting to resource manager: Connection refused (os error 111)
[2026-06-20T18:21:33Z ERROR flyt_node_manager] Retrying in 5 seconds
[2026-06-20T18:21:38Z ERROR flyt_node_manager::resource_manager_handler] Error connecting to server: Connection refused (os error 111)
[2026-06-20T18:21:38Z ERROR flyt_node_manager] Error connecting to resource manager: Connection refused (os error 111)
[2026-06-20T18:21:38Z ERROR flyt_node_manager] Retrying in 5 seconds
[2026-06-20T18:21:43Z ERROR flyt_node_manager::resource_manager_handler] Error connecting to server: Connection refused (os error 111)
[2026-06-20T18:21:43Z ERROR flyt_node_manager] Error connecting to resource manager: Connection refused (os error 111)
[2026-06-20T18:21:43Z ERROR flyt_node_manager] Retrying in 5 seconds
[2026-06-20T18:21:48Z ERROR flyt_node_manager::resource_manager_handler] Error connecting to server: Connection refused (os error 111)
[2026-06-20T18:21:48Z ERROR flyt_node_manager] Error connecting to resource manager: Connection refused (os error 111)
[2026-06-20T18:21:48Z ERROR flyt_node_manager] Retrying in 5 seconds
[2026-06-20T18:21:53Z ERROR flyt_node_manager::resource_manager_handler] Error connecting to server: Connection refused (os error 111)
[2026-06-20T18:21:53Z ERROR flyt_node_manager] Error connecting to resource manager: Connection refused (os error 111)
[2026-06-20T18:21:53Z ERROR flyt_node_manager] Retrying in 5 seconds
[2026-06-20T18:21:58Z ERROR flyt_node_manager::resource_manager_handler] Error connecting to server: Connection refused (os error 111)
[2026-06-20T18:21:58Z ERROR flyt_node_manager] Error connecting to resource manager: Connection refused (os error 111)
[2026-06-20T18:21:58Z ERROR flyt_node_manager] Retrying in 5 seconds
[2026-06-20T18:22:03Z ERROR flyt_node_manager::resource_manager_handler] Error connecting to server: Connection refused (os error 111)
[2026-06-20T18:22:03Z ERROR flyt_node_manager] Error connecting to resource manager: Connection refused (os error 111)
[2026-06-20T18:22:03Z ERROR flyt_node_manager] Retrying in 5 seconds
[2026-06-20T18:22:08Z ERROR flyt_node_manager::resource_manager_handler] Error connecting to server: Connection refused (os error 111)
[2026-06-20T18:22:08Z ERROR flyt_node_manager] Error connecting to resource manager: Connection refused (os error 111)
[2026-06-20T18:22:08Z ERROR flyt_node_manager] Retrying in 5 seconds
[2026-06-20T18:22:13Z ERROR flyt_node_manager::resource_manager_handler] Error connecting to server: Connection refused (os error 111)
[2026-06-20T18:22:13Z ERROR flyt_node_manager] Error connecting to resource manager: Connection refused (os error 111)
[2026-06-20T18:22:13Z ERROR flyt_node_manager] Retrying in 5 seconds
[2026-06-20T18:22:18Z ERROR flyt_node_manager::resource_manager_handler] Error connecting to server: Connection refused (os error 111)
[2026-06-20T18:22:18Z ERROR flyt_node_manager] Error connecting to resource manager: Connection refused (os error 111)
[2026-06-20T18:22:18Z ERROR flyt_node_manager] Retrying in 5 seconds
[2026-06-20T18:22:23Z ERROR flyt_node_manager::resource_manager_handler] Error connecting to server: Connection refused (os error 111)
[2026-06-20T18:22:23Z ERROR flyt_node_manager] Error connecting to resource manager: Connection refused (os error 111)
[2026-06-20T18:22:23Z ERROR flyt_node_manager] Retrying in 5 seconds
[2026-06-20T18:22:28Z ERROR flyt_node_manager::resource_manager_handler] Error connecting to server: Connection refused (os error 111)
[2026-06-20T18:22:28Z ERROR flyt_node_manager] Error connecting to resource manager: Connection refused (os error 111)
[2026-06-20T18:22:28Z ERROR flyt_node_manager] Retrying in 5 seconds
[2026-06-20T18:22:33Z ERROR flyt_node_manager::resource_manager_handler] Error connecting to server: Connection refused (os error 111)
[2026-06-20T18:22:33Z ERROR flyt_node_manager] Error connecting to resource manager: Connection refused (os error 111)
[2026-06-20T18:22:33Z ERROR flyt_node_manager] Retrying in 5 seconds
[2026-06-20T18:22:38Z ERROR flyt_node_manager::resource_manager_handler] Error connecting to server: Connection refused (os error 111)
[2026-06-20T18:22:38Z ERROR flyt_node_manager] Error connecting to resource manager: Connection refused (os error 111)
[2026-06-20T18:22:38Z ERROR flyt_node_manager] Retrying in 5 seconds
[2026-06-20T18:22:43Z ERROR flyt_node_manager::resource_manager_handler] Error connecting to server: Connection refused (os error 111)
[2026-06-20T18:22:43Z ERROR flyt_node_manager] Error connecting to resource manager: Connection refused (os error 111)
[2026-06-20T18:22:43Z ERROR flyt_node_manager] Retrying in 5 seconds
[2026-06-20T18:22:48Z ERROR flyt_node_manager::resource_manager_handler] Error connecting to server: Connection refused (os error 111)
[2026-06-20T18:22:48Z ERROR flyt_node_manager] Error connecting to resource manager: Connection refused (os error 111)
[2026-06-20T18:22:48Z ERROR flyt_node_manager] Retrying in 5 seconds
[2026-06-20T18:22:53Z ERROR flyt_node_manager::resource_manager_handler] Error connecting to server: Connection refused (os error 111)
[2026-06-20T18:22:53Z ERROR flyt_node_manager] Error connecting to resource manager: Connection refused (os error 111)
[2026-06-20T18:22:53Z ERROR flyt_node_manager] Retrying in 5 seconds
[2026-06-20T18:22:58Z ERROR flyt_node_manager::resource_manager_handler] Error connecting to server: Connection refused (os error 111)
[2026-06-20T18:22:58Z ERROR flyt_node_manager] Error connecting to resource manager: Connection refused (os error 111)
[2026-06-20T18:22:58Z ERROR flyt_node_manager] Retrying in 5 seconds
[2026-06-20T18:23:03Z ERROR flyt_node_manager::resource_manager_handler] Error connecting to server: Connection refused (os error 111)
[2026-06-20T18:23:03Z ERROR flyt_node_manager] Error connecting to resource manager: Connection refused (os error 111)
[2026-06-20T18:23:03Z ERROR flyt_node_manager] Retrying in 5 seconds
[2026-06-20T18:23:08Z ERROR flyt_node_manager::resource_manager_handler] Error connecting to server: Connection refused (os error 111)
[2026-06-20T18:23:08Z ERROR flyt_node_manager] Error connecting to resource manager: Connection refused (os error 111)
[2026-06-20T18:23:08Z ERROR flyt_node_manager] Retrying in 5 seconds
[2026-06-20T18:23:13Z ERROR flyt_node_manager::resource_manager_handler] Error connecting to server: Connection refused (os error 111)
[2026-06-20T18:23:13Z ERROR flyt_node_manager] Error connecting to resource manager: Connection refused (os error 111)
[2026-06-20T18:23:13Z ERROR flyt_node_manager] Retrying in 5 seconds
[2026-06-20T18:23:18Z ERROR flyt_node_manager::resource_manager_handler] Error connecting to server: Connection refused (os error 111)
[2026-06-20T18:23:18Z ERROR flyt_node_manager] Error connecting to resource manager: Connection refused (os error 111)
[2026-06-20T18:23:18Z ERROR flyt_node_manager] Retrying in 5 seconds
[2026-06-20T18:23:23Z ERROR flyt_node_manager::resource_manager_handler] Error connecting to server: Connection refused (os error 111)
[2026-06-20T18:23:23Z ERROR flyt_node_manager] Error connecting to resource manager: Connection refused (os error 111)
[2026-06-20T18:23:23Z ERROR flyt_node_manager] Retrying in 5 seconds
[2026-06-20T18:23:28Z ERROR flyt_node_manager::resource_manager_handler] Error connecting to server: Connection refused (os error 111)
[2026-06-20T18:23:28Z ERROR flyt_node_manager] Error connecting to resource manager: Connection refused (os error 111)
[2026-06-20T18:23:28Z ERROR flyt_node_manager] Retrying in 5 seconds
[2026-06-20T18:23:33Z ERROR flyt_node_manager::resource_manager_handler] Error connecting to server: Connection refused (os error 111)
[2026-06-20T18:23:33Z ERROR flyt_node_manager] Error connecting to resource manager: Connection refused (os error 111)
[2026-06-20T18:23:33Z ERROR flyt_node_manager] Retrying in 5 seconds
[2026-06-20T18:23:38Z ERROR flyt_node_manager::resource_manager_handler] Error connecting to server: Connection refused (os error 111)
[2026-06-20T18:23:38Z ERROR flyt_node_manager] Error connecting to resource manager: Connection refused (os error 111)
[2026-06-20T18:23:38Z ERROR flyt_node_manager] Retrying in 5 seconds
[2026-06-20T18:23:43Z ERROR flyt_node_manager::resource_manager_handler] Error connecting to server: Connection refused (os error 111)
[2026-06-20T18:23:43Z ERROR flyt_node_manager] Error connecting to resource manager: Connection refused (os error 111)
[2026-06-20T18:23:43Z ERROR flyt_node_manager] Retrying in 5 seconds
[2026-06-20T18:23:48Z ERROR flyt_node_manager::resource_manager_handler] Error connecting to server: Connection refused (os error 111)
[2026-06-20T18:23:48Z ERROR flyt_node_manager] Error connecting to resource manager: Connection refused (os error 111)
[2026-06-20T18:23:48Z ERROR flyt_node_manager] Retrying in 5 seconds
[2026-06-20T18:23:53Z ERROR flyt_node_manager::resource_manager_handler] Error connecting to server: Connection refused (os error 111)
[2026-06-20T18:23:53Z ERROR flyt_node_manager] Error connecting to resource manager: Connection refused (os error 111)
[2026-06-20T18:23:53Z ERROR flyt_node_manager] Retrying in 5 seconds
[2026-06-20T18:23:58Z ERROR flyt_node_manager::resource_manager_handler] Error connecting to server: Connection refused (os error 111)
[2026-06-20T18:23:58Z ERROR flyt_node_manager] Error connecting to resource manager: Connection refused (os error 111)
[2026-06-20T18:23:58Z ERROR flyt_node_manager] Retrying in 5 seconds
[2026-06-20T18:24:03Z ERROR flyt_node_manager::resource_manager_handler] Error connecting to server: Connection refused (os error 111)
[2026-06-20T18:24:03Z ERROR flyt_node_manager] Error connecting to resource manager: Connection refused (os error 111)
[2026-06-20T18:24:03Z ERROR flyt_node_manager] Retrying in 5 seconds
[2026-06-20T18:24:08Z ERROR flyt_node_manager::resource_manager_handler] Error connecting to server: Connection refused (os error 111)
[2026-06-20T18:24:08Z ERROR flyt_node_manager] Error connecting to resource manager: Connection refused (os error 111)
[2026-06-20T18:24:08Z ERROR flyt_node_manager] Retrying in 5 seconds
[2026-06-20T18:24:13Z ERROR flyt_node_manager::resource_manager_handler] Error connecting to server: Connection refused (os error 111)
[2026-06-20T18:24:13Z ERROR flyt_node_manager] Error connecting to resource manager: Connection refused (os error 111)
[2026-06-20T18:24:13Z ERROR flyt_node_manager] Retrying in 5 seconds
[2026-06-20T18:24:18Z ERROR flyt_node_manager::resource_manager_handler] Error connecting to server: Connection refused (os error 111)
[2026-06-20T18:24:18Z ERROR flyt_node_manager] Error connecting to resource manager: Connection refused (os error 111)
[2026-06-20T18:24:18Z ERROR flyt_node_manager] Retrying in 5 seconds
[2026-06-20T18:24:23Z ERROR flyt_node_manager::resource_manager_handler] Error connecting to server: Connection refused (os error 111)
[2026-06-20T18:24:23Z ERROR flyt_node_manager] Error connecting to resource manager: Connection refused (os error 111)
[2026-06-20T18:24:23Z ERROR flyt_node_manager] Retrying in 5 seconds
[2026-06-20T18:24:28Z ERROR flyt_node_manager::resource_manager_handler] Error connecting to server: Connection refused (os error 111)
[2026-06-20T18:24:28Z ERROR flyt_node_manager] Error connecting to resource manager: Connection refused (os error 111)
[2026-06-20T18:24:28Z ERROR flyt_node_manager] Retrying in 5 seconds
[2026-06-20T18:24:33Z ERROR flyt_node_manager::resource_manager_handler] Error connecting to server: Connection refused (os error 111)
[2026-06-20T18:24:33Z ERROR flyt_node_manager] Error connecting to resource manager: Connection refused (os error 111)
[2026-06-20T18:24:33Z ERROR flyt_node_manager] Retrying in 5 seconds
[2026-06-20T18:24:38Z ERROR flyt_node_manager::resource_manager_handler] Error connecting to server: Connection refused (os error 111)
[2026-06-20T18:24:38Z ERROR flyt_node_manager] Error connecting to resource manager: Connection refused (os error 111)
[2026-06-20T18:24:38Z ERROR flyt_node_manager] Retrying in 5 seconds
[2026-06-20T18:24:43Z ERROR flyt_node_manager::resource_manager_handler] Error connecting to server: Connection refused (os error 111)
[2026-06-20T18:24:43Z ERROR flyt_node_manager] Error connecting to resource manager: Connection refused (os error 111)
[2026-06-20T18:24:43Z ERROR flyt_node_manager] Retrying in 5 seconds
[2026-06-20T18:24:48Z ERROR flyt_node_manager::resource_manager_handler] Error connecting to server: Connection refused (os error 111)
[2026-06-20T18:24:48Z ERROR flyt_node_manager] Error connecting to resource manager: Connection refused (os error 111)
[2026-06-20T18:24:48Z ERROR flyt_node_manager] Retrying in 5 seconds
[2026-06-20T18:24:53Z ERROR flyt_node_manager::resource_manager_handler] Error connecting to server: Connection refused (os error 111)
[2026-06-20T18:24:53Z ERROR flyt_node_manager] Error connecting to resource manager: Connection refused (os error 111)
[2026-06-20T18:24:53Z ERROR flyt_node_manager] Retrying in 5 seconds
[2026-06-20T18:24:58Z ERROR flyt_node_manager::resource_manager_handler] Error connecting to server: Connection refused (os error 111)
[2026-06-20T18:24:58Z ERROR flyt_node_manager] Error connecting to resource manager: Connection refused (os error 111)
[2026-06-20T18:24:58Z ERROR flyt_node_manager] Retrying in 5 seconds
[2026-06-20T18:25:03Z ERROR flyt_node_manager::resource_manager_handler] Error connecting to server: Connection refused (os error 111)
[2026-06-20T18:25:03Z ERROR flyt_node_manager] Error connecting to resource manager: Connection refused (os error 111)
[2026-06-20T18:25:03Z ERROR flyt_node_manager] Retrying in 5 seconds
[2026-06-20T18:25:08Z ERROR flyt_node_manager::resource_manager_handler] Error connecting to server: Connection refused (os error 111)
[2026-06-20T18:25:08Z ERROR flyt_node_manager] Error connecting to resource manager: Connection refused (os error 111)
[2026-06-20T18:25:08Z ERROR flyt_node_manager] Retrying in 5 seconds
[2026-06-20T18:25:13Z ERROR flyt_node_manager::resource_manager_handler] Error connecting to server: Connection refused (os error 111)
[2026-06-20T18:25:13Z ERROR flyt_node_manager] Error connecting to resource manager: Connection refused (os error 111)
[2026-06-20T18:25:13Z ERROR flyt_node_manager] Retrying in 5 seconds
[2026-06-20T18:25:18Z ERROR flyt_node_manager::resource_manager_handler] Error connecting to server: Connection refused (os error 111)
[2026-06-20T18:25:18Z ERROR flyt_node_manager] Error connecting to resource manager: Connection refused (os error 111)
[2026-06-20T18:25:18Z ERROR flyt_node_manager] Retrying in 5 seconds
[2026-06-20T18:25:23Z ERROR flyt_node_manager::resource_manager_handler] Error connecting to server: Connection refused (os error 111)
[2026-06-20T18:25:23Z ERROR flyt_node_manager] Error connecting to resource manager: Connection refused (os error 111)
[2026-06-20T18:25:23Z ERROR flyt_node_manager] Retrying in 5 seconds
[2026-06-20T18:25:28Z ERROR flyt_node_manager::resource_manager_handler] Error connecting to server: Connection refused (os error 111)
[2026-06-20T18:25:28Z ERROR flyt_node_manager] Error connecting to resource manager: Connection refused (os error 111)
[2026-06-20T18:25:28Z ERROR flyt_node_manager] Retrying in 5 seconds
[2026-06-20T18:25:33Z ERROR flyt_node_manager::resource_manager_handler] Error connecting to server: Connection refused (os error 111)
[2026-06-20T18:25:33Z ERROR flyt_node_manager] Error connecting to resource manager: Connection refused (os error 111)
[2026-06-20T18:25:33Z ERROR flyt_node_manager] Retrying in 5 seconds
[2026-06-20T18:25:38Z ERROR flyt_node_manager::resource_manager_handler] Error connecting to server: Connection refused (os error 111)
[2026-06-20T18:25:38Z ERROR flyt_node_manager] Error connecting to resource manager: Connection refused (os error 111)
[2026-06-20T18:25:38Z ERROR flyt_node_manager] Retrying in 5 seconds
[2026-06-20T18:25:43Z ERROR flyt_node_manager::resource_manager_handler] Error connecting to server: Connection refused (os error 111)
[2026-06-20T18:25:43Z ERROR flyt_node_manager] Error connecting to resource manager: Connection refused (os error 111)
[2026-06-20T18:25:43Z ERROR flyt_node_manager] Retrying in 5 seconds
[2026-06-20T18:25:48Z ERROR flyt_node_manager::resource_manager_handler] Error connecting to server: Connection refused (os error 111)
[2026-06-20T18:25:48Z ERROR flyt_node_manager] Error connecting to resource manager: Connection refused (os error 111)
[2026-06-20T18:25:48Z ERROR flyt_node_manager] Retrying in 5 seconds
[2026-06-20T18:25:53Z ERROR flyt_node_manager::resource_manager_handler] Error connecting to server: Connection refused (os error 111)
[2026-06-20T18:25:53Z ERROR flyt_node_manager] Error connecting to resource manager: Connection refused (os error 111)
[2026-06-20T18:25:53Z ERROR flyt_node_manager] Retrying in 5 seconds
[2026-06-20T18:25:58Z ERROR flyt_node_manager::resource_manager_handler] Error connecting to server: Connection refused (os error 111)
[2026-06-20T18:25:58Z ERROR flyt_node_manager] Error connecting to resource manager: Connection refused (os error 111)
[2026-06-20T18:25:58Z ERROR flyt_node_manager] Retrying in 5 seconds
[2026-06-20T18:26:03Z ERROR flyt_node_manager::resource_manager_handler] Error connecting to server: Connection refused (os error 111)
[2026-06-20T18:26:03Z ERROR flyt_node_manager] Error connecting to resource manager: Connection refused (os error 111)
[2026-06-20T18:26:03Z ERROR flyt_node_manager] Retrying in 5 seconds
[2026-06-20T18:26:08Z ERROR flyt_node_manager::resource_manager_handler] Error connecting to server: Connection refused (os error 111)
[2026-06-20T18:26:08Z ERROR flyt_node_manager] Error connecting to resource manager: Connection refused (os error 111)
[2026-06-20T18:26:08Z ERROR flyt_node_manager] Retrying in 5 seconds
[2026-06-20T18:26:13Z ERROR flyt_node_manager::resource_manager_handler] Error connecting to server: Connection refused (os error 111)
[2026-06-20T18:26:13Z ERROR flyt_node_manager] Error connecting to resource manager: Connection refused (os error 111)
[2026-06-20T18:26:13Z ERROR flyt_node_manager] Retrying in 5 seconds
[2026-06-20T18:26:18Z ERROR flyt_node_manager::resource_manager_handler] Error connecting to server: Connection refused (os error 111)
[2026-06-20T18:26:18Z ERROR flyt_node_manager] Error connecting to resource manager: Connection refused (os error 111)
[2026-06-20T18:26:18Z ERROR flyt_node_manager] Retrying in 5 seconds
[2026-06-20T18:26:23Z ERROR flyt_node_manager::resource_manager_handler] Error connecting to server: Connection refused (os error 111)
[2026-06-20T18:26:23Z ERROR flyt_node_manager] Error connecting to resource manager: Connection refused (os error 111)
[2026-06-20T18:26:23Z ERROR flyt_node_manager] Retrying in 5 seconds
[2026-06-20T18:26:28Z ERROR flyt_node_manager::resource_manager_handler] Error connecting to server: Connection refused (os error 111)
[2026-06-20T18:26:28Z ERROR flyt_node_manager] Error connecting to resource manager: Connection refused (os error 111)
[2026-06-20T18:26:28Z ERROR flyt_node_manager] Retrying in 5 seconds
[2026-06-20T18:26:33Z ERROR flyt_node_manager::resource_manager_handler] Error connecting to server: Connection refused (os error 111)
[2026-06-20T18:26:33Z ERROR flyt_node_manager] Error connecting to resource manager: Connection refused (os error 111)
[2026-06-20T18:26:33Z ERROR flyt_node_manager] Retrying in 5 seconds
[2026-06-20T18:26:38Z ERROR flyt_node_manager::resource_manager_handler] Error connecting to server: Connection refused (os error 111)
[2026-06-20T18:26:38Z ERROR flyt_node_manager] Error connecting to resource manager: Connection refused (os error 111)
[2026-06-20T18:26:38Z ERROR flyt_node_manager] Retrying in 5 seconds
[2026-06-20T18:26:43Z ERROR flyt_node_manager::resource_manager_handler] Error connecting to server: Connection refused (os error 111)
[2026-06-20T18:26:43Z ERROR flyt_node_manager] Error connecting to resource manager: Connection refused (os error 111)
[2026-06-20T18:26:43Z ERROR flyt_node_manager] Retrying in 5 seconds
[2026-06-20T18:26:48Z ERROR flyt_node_manager::resource_manager_handler] Error connecting to server: Connection refused (os error 111)
[2026-06-20T18:26:48Z ERROR flyt_node_manager] Error connecting to resource manager: Connection refused (os error 111)
[2026-06-20T18:26:48Z ERROR flyt_node_manager] Retrying in 5 seconds
[2026-06-20T18:26:53Z ERROR flyt_node_manager::resource_manager_handler] Error connecting to server: Connection refused (os error 111)
[2026-06-20T18:26:53Z ERROR flyt_node_manager] Error connecting to resource manager: Connection refused (os error 111)
[2026-06-20T18:26:53Z ERROR flyt_node_manager] Retrying in 5 seconds
[2026-06-20T18:26:58Z ERROR flyt_node_manager::resource_manager_handler] Error connecting to server: Connection refused (os error 111)
[2026-06-20T18:26:58Z ERROR flyt_node_manager] Error connecting to resource manager: Connection refused (os error 111)
[2026-06-20T18:26:58Z ERROR flyt_node_manager] Retrying in 5 seconds
[2026-06-20T18:27:03Z ERROR flyt_node_manager::resource_manager_handler] Error connecting to server: Connection refused (os error 111)
[2026-06-20T18:27:03Z ERROR flyt_node_manager] Error connecting to resource manager: Connection refused (os error 111)
[2026-06-20T18:27:03Z ERROR flyt_node_manager] Retrying in 5 seconds
[2026-06-20T18:27:08Z ERROR flyt_node_manager::resource_manager_handler] Error connecting to server: Connection refused (os error 111)
[2026-06-20T18:27:08Z ERROR flyt_node_manager] Error connecting to resource manager: Connection refused (os error 111)
[2026-06-20T18:27:08Z ERROR flyt_node_manager] Retrying in 5 seconds
[2026-06-20T18:27:13Z ERROR flyt_node_manager::resource_manager_handler] Error connecting to server: Connection refused (os error 111)
[2026-06-20T18:27:13Z ERROR flyt_node_manager] Error connecting to resource manager: Connection refused (os error 111)
[2026-06-20T18:27:13Z ERROR flyt_node_manager] Retrying in 5 seconds
[2026-06-20T18:27:18Z ERROR flyt_node_manager::resource_manager_handler] Error connecting to server: Connection refused (os error 111)
[2026-06-20T18:27:18Z ERROR flyt_node_manager] Error connecting to resource manager: Connection refused (os error 111)
[2026-06-20T18:27:18Z ERROR flyt_node_manager] Retrying in 5 seconds
[2026-06-20T18:27:23Z ERROR flyt_node_manager::resource_manager_handler] Error connecting to server: Connection refused (os error 111)
[2026-06-20T18:27:23Z ERROR flyt_node_manager] Error connecting to resource manager: Connection refused (os error 111)
[2026-06-20T18:27:23Z ERROR flyt_node_manager] Retrying in 5 seconds
[2026-06-20T18:27:28Z ERROR flyt_node_manager::resource_manager_handler] Error connecting to server: Connection refused (os error 111)
[2026-06-20T18:27:28Z ERROR flyt_node_manager] Error connecting to resource manager: Connection refused (os error 111)
[2026-06-20T18:27:28Z ERROR flyt_node_manager] Retrying in 5 seconds
[2026-06-20T18:27:33Z ERROR flyt_node_manager::resource_manager_handler] Error connecting to server: Connection refused (os error 111)
[2026-06-20T18:27:33Z ERROR flyt_node_manager] Error connecting to resource manager: Connection refused (os error 111)
[2026-06-20T18:27:33Z ERROR flyt_node_manager] Retrying in 5 seconds
[2026-06-20T18:27:38Z ERROR flyt_node_manager::resource_manager_handler] Error connecting to server: Connection refused (os error 111)
[2026-06-20T18:27:38Z ERROR flyt_node_manager] Error connecting to resource manager: Connection refused (os error 111)
[2026-06-20T18:27:38Z ERROR flyt_node_manager] Retrying in 5 seconds
[2026-06-20T18:27:43Z ERROR flyt_node_manager::resource_manager_handler] Error connecting to server: Connection refused (os error 111)
[2026-06-20T18:27:43Z ERROR flyt_node_manager] Error connecting to resource manager: Connection refused (os error 111)
[2026-06-20T18:27:43Z ERROR flyt_node_manager] Retrying in 5 seconds
[2026-06-20T18:27:48Z ERROR flyt_node_manager::resource_manager_handler] Error connecting to server: Connection refused (os error 111)
[2026-06-20T18:27:48Z ERROR flyt_node_manager] Error connecting to resource manager: Connection refused (os error 111)
[2026-06-20T18:27:48Z ERROR flyt_node_manager] Retrying in 5 seconds
[2026-06-20T18:27:53Z ERROR flyt_node_manager::resource_manager_handler] Error connecting to server: Connection refused (os error 111)
[2026-06-20T18:27:53Z ERROR flyt_node_manager] Error connecting to resource manager: Connection refused (os error 111)
[2026-06-20T18:27:53Z ERROR flyt_node_manager] Retrying in 5 seconds
[2026-06-20T18:27:58Z ERROR flyt_node_manager::resource_manager_handler] Error connecting to server: Connection refused (os error 111)
[2026-06-20T18:27:58Z ERROR flyt_node_manager] Error connecting to resource manager: Connection refused (os error 111)
[2026-06-20T18:27:58Z ERROR flyt_node_manager] Retrying in 5 seconds
[2026-06-20T18:28:03Z ERROR flyt_node_manager::resource_manager_handler] Error connecting to server: Connection refused (os error 111)
[2026-06-20T18:28:03Z ERROR flyt_node_manager] Error connecting to resource manager: Connection refused (os error 111)
[2026-06-20T18:28:03Z ERROR flyt_node_manager] Retrying in 5 seconds
[2026-06-20T18:28:08Z ERROR flyt_node_manager::resource_manager_handler] Error connecting to server: Connection refused (os error 111)
[2026-06-20T18:28:08Z ERROR flyt_node_manager] Error connecting to resource manager: Connection refused (os error 111)
[2026-06-20T18:28:08Z ERROR flyt_node_manager] Retrying in 5 seconds
[2026-06-20T18:28:13Z ERROR flyt_node_manager::resource_manager_handler] Error connecting to server: Connection refused (os error 111)
[2026-06-20T18:28:13Z ERROR flyt_node_manager] Error connecting to resource manager: Connection refused (os error 111)
[2026-06-20T18:28:13Z ERROR flyt_node_manager] Retrying in 5 seconds
[2026-06-20T18:28:18Z ERROR flyt_node_manager::resource_manager_handler] Error connecting to server: Connection refused (os error 111)
[2026-06-20T18:28:18Z ERROR flyt_node_manager] Error connecting to resource manager: Connection refused (os error 111)
[2026-06-20T18:28:18Z ERROR flyt_node_manager] Retrying in 5 seconds
[2026-06-20T18:28:23Z ERROR flyt_node_manager::resource_manager_handler] Error connecting to server: Connection refused (os error 111)
[2026-06-20T18:28:23Z ERROR flyt_node_manager] Error connecting to resource manager: Connection refused (os error 111)
[2026-06-20T18:28:23Z ERROR flyt_node_manager] Retrying in 5 seconds
[2026-06-20T18:28:28Z ERROR flyt_node_manager::resource_manager_handler] Error connecting to server: Connection refused (os error 111)
[2026-06-20T18:28:28Z ERROR flyt_node_manager] Error connecting to resource manager: Connection refused (os error 111)
[2026-06-20T18:28:28Z ERROR flyt_node_manager] Retrying in 5 seconds
[2026-06-20T18:28:33Z ERROR flyt_node_manager::resource_manager_handler] Error connecting to server: Connection refused (os error 111)
[2026-06-20T18:28:33Z ERROR flyt_node_manager] Error connecting to resource manager: Connection refused (os error 111)
[2026-06-20T18:28:33Z ERROR flyt_node_manager] Retrying in 5 seconds
[2026-06-20T18:28:38Z ERROR flyt_node_manager::resource_manager_handler] Error connecting to server: Connection refused (os error 111)
[2026-06-20T18:28:38Z ERROR flyt_node_manager] Error connecting to resource manager: Connection refused (os error 111)
[2026-06-20T18:28:38Z ERROR flyt_node_manager] Retrying in 5 seconds
[2026-06-20T18:28:43Z ERROR flyt_node_manager::resource_manager_handler] Error connecting to server: Connection refused (os error 111)
[2026-06-20T18:28:43Z ERROR flyt_node_manager] Error connecting to resource manager: Connection refused (os error 111)
[2026-06-20T18:28:43Z ERROR flyt_node_manager] Retrying in 5 seconds
[2026-06-20T18:28:48Z ERROR flyt_node_manager::resource_manager_handler] Error connecting to server: Connection refused (os error 111)
[2026-06-20T18:28:48Z ERROR flyt_node_manager] Error connecting to resource manager: Connection refused (os error 111)
[2026-06-20T18:28:48Z ERROR flyt_node_manager] Retrying in 5 seconds
[2026-06-20T18:28:53Z ERROR flyt_node_manager::resource_manager_handler] Error connecting to server: Connection refused (os error 111)
[2026-06-20T18:28:53Z ERROR flyt_node_manager] Error connecting to resource manager: Connection refused (os error 111)
[2026-06-20T18:28:53Z ERROR flyt_node_manager] Retrying in 5 seconds
[2026-06-20T18:28:58Z ERROR flyt_node_manager::resource_manager_handler] Error connecting to server: Connection refused (os error 111)
[2026-06-20T18:28:58Z ERROR flyt_node_manager] Error connecting to resource manager: Connection refused (os error 111)
[2026-06-20T18:28:58Z ERROR flyt_node_manager] Retrying in 5 seconds
[2026-06-20T18:29:03Z ERROR flyt_node_manager::resource_manager_handler] Error connecting to server: Connection refused (os error 111)
[2026-06-20T18:29:03Z ERROR flyt_node_manager] Error connecting to resource manager: Connection refused (os error 111)
[2026-06-20T18:29:03Z ERROR flyt_node_manager] Retrying in 5 seconds
[2026-06-20T18:29:08Z ERROR flyt_node_manager::resource_manager_handler] Error connecting to server: Connection refused (os error 111)
[2026-06-20T18:29:08Z ERROR flyt_node_manager] Error connecting to resource manager: Connection refused (os error 111)
[2026-06-20T18:29:08Z ERROR flyt_node_manager] Retrying in 5 seconds
[2026-06-20T18:29:13Z ERROR flyt_node_manager::resource_manager_handler] Error connecting to server: Connection refused (os error 111)
[2026-06-20T18:29:13Z ERROR flyt_node_manager] Error connecting to resource manager: Connection refused (os error 111)
[2026-06-20T18:29:13Z ERROR flyt_node_manager] Retrying in 5 seconds
[2026-06-20T18:29:18Z ERROR flyt_node_manager::resource_manager_handler] Error connecting to server: Connection refused (os error 111)
[2026-06-20T18:29:18Z ERROR flyt_node_manager] Error connecting to resource manager: Connection refused (os error 111)
[2026-06-20T18:29:18Z ERROR flyt_node_manager] Retrying in 5 seconds
[2026-06-20T18:29:23Z ERROR flyt_node_manager::resource_manager_handler] Error connecting to server: Connection refused (os error 111)
[2026-06-20T18:29:23Z ERROR flyt_node_manager] Error connecting to resource manager: Connection refused (os error 111)
[2026-06-20T18:29:23Z ERROR flyt_node_manager] Retrying in 5 seconds
[2026-06-20T18:29:28Z ERROR flyt_node_manager::resource_manager_handler] Error connecting to server: Connection refused (os error 111)
[2026-06-20T18:29:28Z ERROR flyt_node_manager] Error connecting to resource manager: Connection refused (os error 111)
[2026-06-20T18:29:28Z ERROR flyt_node_manager] Retrying in 5 seconds
[2026-06-20T18:29:33Z ERROR flyt_node_manager::resource_manager_handler] Error connecting to server: Connection refused (os error 111)
[2026-06-20T18:29:33Z ERROR flyt_node_manager] Error connecting to resource manager: Connection refused (os error 111)
[2026-06-20T18:29:33Z ERROR flyt_node_manager] Retrying in 5 seconds
[2026-06-20T18:29:38Z ERROR flyt_node_manager::resource_manager_handler] Error connecting to server: Connection refused (os error 111)
[2026-06-20T18:29:38Z ERROR flyt_node_manager] Error connecting to resource manager: Connection refused (os error 111)
[2026-06-20T18:29:38Z ERROR flyt_node_manager] Retrying in 5 seconds
[2026-06-20T18:29:43Z ERROR flyt_node_manager::resource_manager_handler] Error connecting to server: Connection refused (os error 111)
[2026-06-20T18:29:43Z ERROR flyt_node_manager] Error connecting to resource manager: Connection refused (os error 111)
[2026-06-20T18:29:43Z ERROR flyt_node_manager] Retrying in 5 seconds
[2026-06-20T18:29:48Z ERROR flyt_node_manager::resource_manager_handler] Error connecting to server: Connection refused (os error 111)
[2026-06-20T18:29:48Z ERROR flyt_node_manager] Error connecting to resource manager: Connection refused (os error 111)
[2026-06-20T18:29:48Z ERROR flyt_node_manager] Retrying in 5 seconds
[2026-06-20T18:29:53Z ERROR flyt_node_manager::resource_manager_handler] Error connecting to server: Connection refused (os error 111)
[2026-06-20T18:29:53Z ERROR flyt_node_manager] Error connecting to resource manager: Connection refused (os error 111)
[2026-06-20T18:29:53Z ERROR flyt_node_manager] Retrying in 5 seconds
[2026-06-20T18:29:58Z ERROR flyt_node_manager::resource_manager_handler] Error connecting to server: Connection refused (os error 111)
[2026-06-20T18:29:58Z ERROR flyt_node_manager] Error connecting to resource manager: Connection refused (os error 111)
[2026-06-20T18:29:58Z ERROR flyt_node_manager] Retrying in 5 seconds
[2026-06-20T18:30:03Z ERROR flyt_node_manager::resource_manager_handler] Error connecting to server: Connection refused (os error 111)
[2026-06-20T18:30:03Z ERROR flyt_node_manager] Error connecting to resource manager: Connection refused (os error 111)
[2026-06-20T18:30:03Z ERROR flyt_node_manager] Retrying in 5 seconds
[2026-06-20T18:30:08Z ERROR flyt_node_manager::resource_manager_handler] Error connecting to server: Connection refused (os error 111)
[2026-06-20T18:30:08Z ERROR flyt_node_manager] Error connecting to resource manager: Connection refused (os error 111)
[2026-06-20T18:30:08Z ERROR flyt_node_manager] Retrying in 5 seconds
[2026-06-20T18:30:13Z ERROR flyt_node_manager::resource_manager_handler] Error connecting to server: Connection refused (os error 111)
[2026-06-20T18:30:13Z ERROR flyt_node_manager] Error connecting to resource manager: Connection refused (os error 111)
[2026-06-20T18:30:13Z ERROR flyt_node_manager] Retrying in 5 seconds
[2026-06-20T18:30:18Z ERROR flyt_node_manager::resource_manager_handler] Error connecting to server: Connection refused (os error 111)
[2026-06-20T18:30:18Z ERROR flyt_node_manager] Error connecting to resource manager: Connection refused (os error 111)
[2026-06-20T18:30:18Z ERROR flyt_node_manager] Retrying in 5 seconds
[2026-06-20T18:30:23Z ERROR flyt_node_manager::resource_manager_handler] Error connecting to server: Connection refused (os error 111)
[2026-06-20T18:30:23Z ERROR flyt_node_manager] Error connecting to resource manager: Connection refused (os error 111)
[2026-06-20T18:30:23Z ERROR flyt_node_manager] Retrying in 5 seconds
[2026-06-20T18:30:28Z ERROR flyt_node_manager::resource_manager_handler] Error connecting to server: Connection refused (os error 111)
[2026-06-20T18:30:28Z ERROR flyt_node_manager] Error connecting to resource manager: Connection refused (os error 111)
[2026-06-20T18:30:28Z ERROR flyt_node_manager] Retrying in 5 seconds
[2026-06-20T18:30:33Z ERROR flyt_node_manager::resource_manager_handler] Error connecting to server: Connection refused (os error 111)
[2026-06-20T18:30:33Z ERROR flyt_node_manager] Error connecting to resource manager: Connection refused (os error 111)
[2026-06-20T18:30:33Z ERROR flyt_node_manager] Retrying in 5 seconds
[2026-06-20T18:30:38Z ERROR flyt_node_manager::resource_manager_handler] Error connecting to server: Connection refused (os error 111)
[2026-06-20T18:30:38Z ERROR flyt_node_manager] Error connecting to resource manager: Connection refused (os error 111)
[2026-06-20T18:30:38Z ERROR flyt_node_manager] Retrying in 5 seconds
[2026-06-20T18:30:43Z ERROR flyt_node_manager::resource_manager_handler] Error connecting to server: Connection refused (os error 111)
[2026-06-20T18:30:43Z ERROR flyt_node_manager] Error connecting to resource manager: Connection refused (os error 111)
[2026-06-20T18:30:43Z ERROR flyt_node_manager] Retrying in 5 seconds
[2026-06-20T18:30:48Z ERROR flyt_node_manager::resource_manager_handler] Error connecting to server: Connection refused (os error 111)
[2026-06-20T18:30:48Z ERROR flyt_node_manager] Error connecting to resource manager: Connection refused (os error 111)
[2026-06-20T18:30:48Z ERROR flyt_node_manager] Retrying in 5 seconds
[2026-06-20T18:30:53Z ERROR flyt_node_manager::resource_manager_handler] Error connecting to server: Connection refused (os error 111)
[2026-06-20T18:30:53Z ERROR flyt_node_manager] Error connecting to resource manager: Connection refused (os error 111)
[2026-06-20T18:30:53Z ERROR flyt_node_manager] Retrying in 5 seconds
[2026-06-20T18:30:58Z ERROR flyt_node_manager::resource_manager_handler] Error connecting to server: Connection refused (os error 111)
[2026-06-20T18:30:58Z ERROR flyt_node_manager] Error connecting to resource manager: Connection refused (os error 111)
[2026-06-20T18:30:58Z ERROR flyt_node_manager] Retrying in 5 seconds
