[2026-06-21T18:21:51Z INFO  flyt_node_manager] Connected to resource manager
[2026-06-21T18:21:51Z INFO  flyt_node_manager::resource_manager_handler] Got send gpu info command
[2026-06-21T18:21:51Z ERROR flyt_node_manager::resource_manager_handler] Connection closed
[2026-06-21T18:21:51Z INFO  flyt_node_manager] Connected to resource manager
[2026-06-21T18:21:51Z INFO  flyt_node_manager::resource_manager_handler] Got send gpu info command
[2026-06-21T18:21:51Z ERROR flyt_node_manager::resource_manager_handler] Connection closed
[2026-06-21T18:21:51Z INFO  flyt_node_manager] Connected to resource manager
[2026-06-21T18:21:51Z INFO  flyt_node_manager::resource_manager_handler] Got send gpu info command
[2026-06-21T18:21:51Z ERROR flyt_node_manager::resource_manager_handler] Connection closed
[2026-06-21T18:21:51Z INFO  flyt_node_manager] Connected to resource manager
[2026-06-21T18:21:51Z INFO  flyt_node_manager::resource_manager_handler] Got send gpu info command
[2026-06-21T18:21:51Z ERROR flyt_node_manager::resource_manager_handler] Connection closed
[2026-06-21T18:21:51Z INFO  flyt_node_manager] Connected to resource manager
[2026-06-21T18:21:51Z INFO  flyt_node_manager::resource_manager_handler] Got send gpu info command
[2026-06-21T18:21:51Z ERROR flyt_node_manager::resource_manager_handler] Connection closed
[2026-06-21T18:21:51Z INFO  flyt_node_manager] Connected to resource manager
[2026-06-21T18:21:51Z INFO  flyt_node_manager::resource_manager_handler] Got send gpu info command
[2026-06-21T18:21:51Z ERROR flyt_node_manager::resource_manager_handler] Connection closed
[2026-06-21T18:21:51Z INFO  flyt_node_manager] Connected to resource manager
[2026-06-21T18:21:51Z INFO  flyt_node_manager::resource_manager_handler] Got send gpu info command
[2026-06-21T18:21:51Z ERROR flyt_node_manager::resource_manager_handler] Connection closed
[2026-06-21T18:21:51Z INFO  flyt_node_manager] Connected to resource manager
[2026-06-21T18:21:51Z INFO  flyt_node_manager::resource_manager_handler] Got send gpu info command
[2026-06-21T18:21:51Z ERROR flyt_node_manager::resource_manager_handler] Connection closed
[2026-06-21T18:21:51Z INFO  flyt_node_manager] Connected to resource manager
[2026-06-21T18:21:51Z INFO  flyt_node_manager::resource_manager_handler] Got send gpu info command
[2026-06-21T18:21:51Z ERROR flyt_node_manager::resource_manager_handler] Connection closed
[2026-06-21T18:21:51Z INFO  flyt_node_manager] Connected to resource manager
[2026-06-21T18:21:51Z INFO  flyt_node_manager::resource_manager_handler] Got send gpu info command
[2026-06-21T18:21:51Z ERROR flyt_node_manager::resource_manager_handler] Connection closed
[2026-06-21T18:21:51Z INFO  flyt_node_manager] Connected to resource manager
[2026-06-21T18:21:51Z INFO  flyt_node_manager::resource_manager_handler] Got send gpu info command
[2026-06-21T18:21:51Z ERROR flyt_node_manager::resource_manager_handler] Connection closed
[2026-06-21T18:21:51Z INFO  flyt_node_manager] Connected to resource manager
[2026-06-21T18:21:51Z INFO  flyt_node_manager::resource_manager_handler] Got send gpu info command
[2026-06-21T18:21:51Z ERROR flyt_node_manager::resource_manager_handler] Connection closed
[2026-06-21T18:21:51Z INFO  flyt_node_manager] Connected to resource manager
[2026-06-21T18:21:51Z INFO  flyt_node_manager::resource_manager_handler] Got send gpu info command
[2026-06-21T18:21:51Z ERROR flyt_node_manager::resource_manager_handler] Connection closed
[2026-06-21T18:21:51Z INFO  flyt_node_manager] Connected to resource manager
[2026-06-21T18:21:51Z INFO  flyt_node_manager::resource_manager_handler] Got send gpu info command
[2026-06-21T18:21:51Z ERROR flyt_node_manager::resource_manager_handler] Connection closed
[2026-06-21T18:21:51Z INFO  flyt_node_manager] Connected to resource manager
[2026-06-21T18:21:51Z INFO  flyt_node_manager::resource_manager_handler] Got send gpu info command
[2026-06-21T18:21:51Z ERROR flyt_node_manager::resource_manager_handler] Connection closed
[2026-06-21T18:21:51Z INFO  flyt_node_manager] Connected to resource manager
[2026-06-21T18:21:51Z INFO  flyt_node_manager::resource_manager_handler] Got send gpu info command
[2026-06-21T18:21:51Z ERROR flyt_node_manager::resource_manager_handler] Connection closed
[2026-06-21T18:21:51Z INFO  flyt_node_manager] Connected to resource manager
[2026-06-21T18:21:51Z INFO  flyt_node_manager::resource_manager_handler] Got send gpu info command
[2026-06-21T18:21:51Z ERROR flyt_node_manager::resource_manager_handler] Connection closed
[2026-06-21T18:21:51Z INFO  flyt_node_manager] Connected to resource manager
[2026-06-21T18:21:51Z INFO  flyt_node_manager::resource_manager_handler] Got send gpu info command
[2026-06-21T18:21:51Z ERROR flyt_node_manager::resource_manager_handler] Connection closed
[2026-06-21T18:21:51Z INFO  flyt_node_manager] Connected to resource manager
[2026-06-21T18:21:51Z INFO  flyt_node_manager::resource_manager_handler] Got send gpu info command
[2026-06-21T18:21:51Z ERROR flyt_node_manager::resource_manager_handler] Connection closed
[2026-06-21T18:21:51Z INFO  flyt_node_manager] Connected to resource manager
[2026-06-21T18:21:51Z INFO  flyt_node_manager::resource_manager_handler] Got send gpu info command
[2026-06-21T18:21:51Z ERROR flyt_node_manager::resource_manager_handler] Connection closed
[2026-06-21T18:21:51Z INFO  flyt_node_manager] Connected to resource manager
[2026-06-21T18:21:51Z INFO  flyt_node_manager::resource_manager_handler] Got send gpu info command
[2026-06-21T18:21:51Z ERROR flyt_node_manager::resource_manager_handler] Connection closed
[2026-06-21T18:21:51Z INFO  flyt_node_manager] Connected to resource manager
[2026-06-21T18:21:51Z INFO  flyt_node_manager::resource_manager_handler] Got send gpu info command
[2026-06-21T18:21:51Z ERROR flyt_node_manager::resource_manager_handler] Connection closed
[2026-06-21T18:21:51Z INFO  flyt_node_manager] Connected to resource manager
[2026-06-21T18:21:51Z INFO  flyt_node_manager::resource_manager_handler] Got send gpu info command
[2026-06-21T18:21:51Z ERROR flyt_node_manager::resource_manager_handler] Connection closed
[2026-06-21T18:21:51Z INFO  flyt_node_manager] Connected to resource manager
[2026-06-21T18:21:51Z INFO  flyt_node_manager::resource_manager_handler] Got send gpu info command
[2026-06-21T18:21:51Z ERROR flyt_node_manager::resource_manager_handler] Connection closed
[2026-06-21T18:21:51Z INFO  flyt_node_manager] Connected to resource manager
[2026-06-21T18:21:51Z ERROR flyt_node_manager::resource_manager_handler] Error reading from stream: Connection reset by peer (os error 104)
[2026-06-21T18:21:51Z ERROR flyt_node_manager::resource_manager_handler] Error connecting to server: Connection refused (os error 111)
[2026-06-21T18:21:51Z ERROR flyt_node_manager] Error connecting to resource manager: Connection refused (os error 111)
[2026-06-21T18:21:51Z ERROR flyt_node_manager] Retrying in 5 seconds
[2026-06-21T18:21:56Z ERROR flyt_node_manager::resource_manager_handler] Error connecting to server: Connection refused (os error 111)
[2026-06-21T18:21:56Z ERROR flyt_node_manager] Error connecting to resource manager: Connection refused (os error 111)
[2026-06-21T18:21:56Z ERROR flyt_node_manager] Retrying in 5 seconds
[2026-06-21T18:22:01Z ERROR flyt_node_manager::resource_manager_handler] Error connecting to server: Connection refused (os error 111)
[2026-06-21T18:22:01Z ERROR flyt_node_manager] Error connecting to resource manager: Connection refused (os error 111)
[2026-06-21T18:22:01Z ERROR flyt_node_manager] Retrying in 5 seconds
[2026-06-21T18:22:06Z ERROR flyt_node_manager::resource_manager_handler] Error connecting to server: Connection refused (os error 111)
[2026-06-21T18:22:06Z ERROR flyt_node_manager] Error connecting to resource manager: Connection refused (os error 111)
[2026-06-21T18:22:06Z ERROR flyt_node_manager] Retrying in 5 seconds
[2026-06-21T18:22:11Z ERROR flyt_node_manager::resource_manager_handler] Error connecting to server: Connection refused (os error 111)
[2026-06-21T18:22:11Z ERROR flyt_node_manager] Error connecting to resource manager: Connection refused (os error 111)
[2026-06-21T18:22:11Z ERROR flyt_node_manager] Retrying in 5 seconds
[2026-06-21T18:22:16Z ERROR flyt_node_manager::resource_manager_handler] Error connecting to server: Connection refused (os error 111)
[2026-06-21T18:22:16Z ERROR flyt_node_manager] Error connecting to resource manager: Connection refused (os error 111)
[2026-06-21T18:22:16Z ERROR flyt_node_manager] Retrying in 5 seconds
[2026-06-21T18:22:21Z ERROR flyt_node_manager::resource_manager_handler] Error connecting to server: Connection refused (os error 111)
[2026-06-21T18:22:21Z ERROR flyt_node_manager] Error connecting to resource manager: Connection refused (os error 111)
[2026-06-21T18:22:21Z ERROR flyt_node_manager] Retrying in 5 seconds
[2026-06-21T18:22:26Z ERROR flyt_node_manager::resource_manager_handler] Error connecting to server: Connection refused (os error 111)
[2026-06-21T18:22:26Z ERROR flyt_node_manager] Error connecting to resource manager: Connection refused (os error 111)
[2026-06-21T18:22:26Z ERROR flyt_node_manager] Retrying in 5 seconds
[2026-06-21T18:22:31Z ERROR flyt_node_manager::resource_manager_handler] Error connecting to server: Connection refused (os error 111)
[2026-06-21T18:22:31Z ERROR flyt_node_manager] Error connecting to resource manager: Connection refused (os error 111)
[2026-06-21T18:22:31Z ERROR flyt_node_manager] Retrying in 5 seconds
[2026-06-21T18:22:36Z ERROR flyt_node_manager::resource_manager_handler] Error connecting to server: Connection refused (os error 111)
[2026-06-21T18:22:36Z ERROR flyt_node_manager] Error connecting to resource manager: Connection refused (os error 111)
[2026-06-21T18:22:36Z ERROR flyt_node_manager] Retrying in 5 seconds
[2026-06-21T18:22:41Z ERROR flyt_node_manager::resource_manager_handler] Error connecting to server: Connection refused (os error 111)
[2026-06-21T18:22:41Z ERROR flyt_node_manager] Error connecting to resource manager: Connection refused (os error 111)
[2026-06-21T18:22:41Z ERROR flyt_node_manager] Retrying in 5 seconds
[2026-06-21T18:22:46Z ERROR flyt_node_manager::resource_manager_handler] Error connecting to server: Connection refused (os error 111)
[2026-06-21T18:22:46Z ERROR flyt_node_manager] Error connecting to resource manager: Connection refused (os error 111)
[2026-06-21T18:22:46Z ERROR flyt_node_manager] Retrying in 5 seconds
[2026-06-21T18:22:51Z ERROR flyt_node_manager::resource_manager_handler] Error connecting to server: Connection refused (os error 111)
[2026-06-21T18:22:51Z ERROR flyt_node_manager] Error connecting to resource manager: Connection refused (os error 111)
[2026-06-21T18:22:51Z ERROR flyt_node_manager] Retrying in 5 seconds
[2026-06-21T18:22:56Z ERROR flyt_node_manager::resource_manager_handler] Error connecting to server: Connection refused (os error 111)
[2026-06-21T18:22:56Z ERROR flyt_node_manager] Error connecting to resource manager: Connection refused (os error 111)
[2026-06-21T18:22:56Z ERROR flyt_node_manager] Retrying in 5 seconds
[2026-06-21T18:23:01Z ERROR flyt_node_manager::resource_manager_handler] Error connecting to server: Connection refused (os error 111)
[2026-06-21T18:23:01Z ERROR flyt_node_manager] Error connecting to resource manager: Connection refused (os error 111)
[2026-06-21T18:23:01Z ERROR flyt_node_manager] Retrying in 5 seconds
[2026-06-21T18:23:06Z ERROR flyt_node_manager::resource_manager_handler] Error connecting to server: Connection refused (os error 111)
[2026-06-21T18:23:06Z ERROR flyt_node_manager] Error connecting to resource manager: Connection refused (os error 111)
[2026-06-21T18:23:06Z ERROR flyt_node_manager] Retrying in 5 seconds
[2026-06-21T18:23:11Z ERROR flyt_node_manager::resource_manager_handler] Error connecting to server: Connection refused (os error 111)
[2026-06-21T18:23:11Z ERROR flyt_node_manager] Error connecting to resource manager: Connection refused (os error 111)
[2026-06-21T18:23:11Z ERROR flyt_node_manager] Retrying in 5 seconds
[2026-06-21T18:23:16Z ERROR flyt_node_manager::resource_manager_handler] Error connecting to server: Connection refused (os error 111)
[2026-06-21T18:23:16Z ERROR flyt_node_manager] Error connecting to resource manager: Connection refused (os error 111)
[2026-06-21T18:23:16Z ERROR flyt_node_manager] Retrying in 5 seconds
[2026-06-21T18:23:21Z ERROR flyt_node_manager::resource_manager_handler] Error connecting to server: Connection refused (os error 111)
[2026-06-21T18:23:21Z ERROR flyt_node_manager] Error connecting to resource manager: Connection refused (os error 111)
[2026-06-21T18:23:21Z ERROR flyt_node_manager] Retrying in 5 seconds
[2026-06-21T18:23:26Z ERROR flyt_node_manager::resource_manager_handler] Error connecting to server: Connection refused (os error 111)
[2026-06-21T18:23:26Z ERROR flyt_node_manager] Error connecting to resource manager: Connection refused (os error 111)
[2026-06-21T18:23:26Z ERROR flyt_node_manager] Retrying in 5 seconds
[2026-06-21T18:23:31Z ERROR flyt_node_manager::resource_manager_handler] Error connecting to server: Connection refused (os error 111)
[2026-06-21T18:23:31Z ERROR flyt_node_manager] Error connecting to resource manager: Connection refused (os error 111)
[2026-06-21T18:23:31Z ERROR flyt_node_manager] Retrying in 5 seconds
[2026-06-21T18:23:36Z ERROR flyt_node_manager::resource_manager_handler] Error connecting to server: Connection refused (os error 111)
[2026-06-21T18:23:36Z ERROR flyt_node_manager] Error connecting to resource manager: Connection refused (os error 111)
[2026-06-21T18:23:36Z ERROR flyt_node_manager] Retrying in 5 seconds
[2026-06-21T18:23:41Z ERROR flyt_node_manager::resource_manager_handler] Error connecting to server: Connection refused (os error 111)
[2026-06-21T18:23:41Z ERROR flyt_node_manager] Error connecting to resource manager: Connection refused (os error 111)
[2026-06-21T18:23:41Z ERROR flyt_node_manager] Retrying in 5 seconds
[2026-06-21T18:23:46Z ERROR flyt_node_manager::resource_manager_handler] Error connecting to server: Connection refused (os error 111)
[2026-06-21T18:23:46Z ERROR flyt_node_manager] Error connecting to resource manager: Connection refused (os error 111)
[2026-06-21T18:23:46Z ERROR flyt_node_manager] Retrying in 5 seconds
[2026-06-21T18:23:51Z ERROR flyt_node_manager::resource_manager_handler] Error connecting to server: Connection refused (os error 111)
[2026-06-21T18:23:51Z ERROR flyt_node_manager] Error connecting to resource manager: Connection refused (os error 111)
[2026-06-21T18:23:51Z ERROR flyt_node_manager] Retrying in 5 seconds
[2026-06-21T18:23:56Z ERROR flyt_node_manager::resource_manager_handler] Error connecting to server: Connection refused (os error 111)
[2026-06-21T18:23:56Z ERROR flyt_node_manager] Error connecting to resource manager: Connection refused (os error 111)
[2026-06-21T18:23:56Z ERROR flyt_node_manager] Retrying in 5 seconds
[2026-06-21T18:24:01Z ERROR flyt_node_manager::resource_manager_handler] Error connecting to server: Connection refused (os error 111)
[2026-06-21T18:24:01Z ERROR flyt_node_manager] Error connecting to resource manager: Connection refused (os error 111)
[2026-06-21T18:24:01Z ERROR flyt_node_manager] Retrying in 5 seconds
[2026-06-21T18:24:06Z ERROR flyt_node_manager::resource_manager_handler] Error connecting to server: Connection refused (os error 111)
[2026-06-21T18:24:06Z ERROR flyt_node_manager] Error connecting to resource manager: Connection refused (os error 111)
[2026-06-21T18:24:06Z ERROR flyt_node_manager] Retrying in 5 seconds
[2026-06-21T18:24:11Z ERROR flyt_node_manager::resource_manager_handler] Error connecting to server: Connection refused (os error 111)
[2026-06-21T18:24:11Z ERROR flyt_node_manager] Error connecting to resource manager: Connection refused (os error 111)
[2026-06-21T18:24:11Z ERROR flyt_node_manager] Retrying in 5 seconds
[2026-06-21T18:24:16Z ERROR flyt_node_manager::resource_manager_handler] Error connecting to server: Connection refused (os error 111)
[2026-06-21T18:24:16Z ERROR flyt_node_manager] Error connecting to resource manager: Connection refused (os error 111)
[2026-06-21T18:24:16Z ERROR flyt_node_manager] Retrying in 5 seconds
[2026-06-21T18:24:21Z ERROR flyt_node_manager::resource_manager_handler] Error connecting to server: Connection refused (os error 111)
[2026-06-21T18:24:21Z ERROR flyt_node_manager] Error connecting to resource manager: Connection refused (os error 111)
[2026-06-21T18:24:21Z ERROR flyt_node_manager] Retrying in 5 seconds
[2026-06-21T18:24:26Z ERROR flyt_node_manager::resource_manager_handler] Error connecting to server: Connection refused (os error 111)
[2026-06-21T18:24:26Z ERROR flyt_node_manager] Error connecting to resource manager: Connection refused (os error 111)
[2026-06-21T18:24:26Z ERROR flyt_node_manager] Retrying in 5 seconds
[2026-06-21T18:24:31Z ERROR flyt_node_manager::resource_manager_handler] Error connecting to server: Connection refused (os error 111)
[2026-06-21T18:24:31Z ERROR flyt_node_manager] Error connecting to resource manager: Connection refused (os error 111)
[2026-06-21T18:24:31Z ERROR flyt_node_manager] Retrying in 5 seconds
[2026-06-21T18:24:36Z ERROR flyt_node_manager::resource_manager_handler] Error connecting to server: Connection refused (os error 111)
[2026-06-21T18:24:36Z ERROR flyt_node_manager] Error connecting to resource manager: Connection refused (os error 111)
[2026-06-21T18:24:36Z ERROR flyt_node_manager] Retrying in 5 seconds
[2026-06-21T18:24:41Z ERROR flyt_node_manager::resource_manager_handler] Error connecting to server: Connection refused (os error 111)
[2026-06-21T18:24:41Z ERROR flyt_node_manager] Error connecting to resource manager: Connection refused (os error 111)
[2026-06-21T18:24:41Z ERROR flyt_node_manager] Retrying in 5 seconds
[2026-06-21T18:24:46Z ERROR flyt_node_manager::resource_manager_handler] Error connecting to server: Connection refused (os error 111)
[2026-06-21T18:24:46Z ERROR flyt_node_manager] Error connecting to resource manager: Connection refused (os error 111)
[2026-06-21T18:24:46Z ERROR flyt_node_manager] Retrying in 5 seconds
[2026-06-21T18:24:51Z ERROR flyt_node_manager::resource_manager_handler] Error connecting to server: Connection refused (os error 111)
[2026-06-21T18:24:51Z ERROR flyt_node_manager] Error connecting to resource manager: Connection refused (os error 111)
[2026-06-21T18:24:51Z ERROR flyt_node_manager] Retrying in 5 seconds
[2026-06-21T18:24:56Z ERROR flyt_node_manager::resource_manager_handler] Error connecting to server: Connection refused (os error 111)
[2026-06-21T18:24:56Z ERROR flyt_node_manager] Error connecting to resource manager: Connection refused (os error 111)
[2026-06-21T18:24:56Z ERROR flyt_node_manager] Retrying in 5 seconds
[2026-06-21T18:25:01Z ERROR flyt_node_manager::resource_manager_handler] Error connecting to server: Connection refused (os error 111)
[2026-06-21T18:25:01Z ERROR flyt_node_manager] Error connecting to resource manager: Connection refused (os error 111)
[2026-06-21T18:25:01Z ERROR flyt_node_manager] Retrying in 5 seconds
[2026-06-21T18:25:06Z ERROR flyt_node_manager::resource_manager_handler] Error connecting to server: Connection refused (os error 111)
[2026-06-21T18:25:06Z ERROR flyt_node_manager] Error connecting to resource manager: Connection refused (os error 111)
[2026-06-21T18:25:06Z ERROR flyt_node_manager] Retrying in 5 seconds
[2026-06-21T18:25:11Z ERROR flyt_node_manager::resource_manager_handler] Error connecting to server: Connection refused (os error 111)
[2026-06-21T18:25:11Z ERROR flyt_node_manager] Error connecting to resource manager: Connection refused (os error 111)
[2026-06-21T18:25:11Z ERROR flyt_node_manager] Retrying in 5 seconds
[2026-06-21T18:25:16Z ERROR flyt_node_manager::resource_manager_handler] Error connecting to server: Connection refused (os error 111)
[2026-06-21T18:25:16Z ERROR flyt_node_manager] Error connecting to resource manager: Connection refused (os error 111)
[2026-06-21T18:25:16Z ERROR flyt_node_manager] Retrying in 5 seconds
